Arguments: 
  /usr/bin/node /usr/bin/yarn install

PATH: 
  /home/silvius/.cargo/bin:/home/silvius/.local/bin:/usr/local/bin:/usr/bin:/bin:/usr/local/sbin:/home/silvius/.dotnet/tools:/usr/lib/jvm/default/bin:/usr/bin/site_perl:/usr/bin/vendor_perl:/usr/bin/core_perl:/var/lib/snapd/snap/bin

Yarn version: 
  1.22.17

Node version: 
  16.13.2

Platform: 
  linux x64

Trace: 
  Error: https://registry.yarnpkg.com/@connectors%2ftypes: Not found
      at Request.params.callback [as _callback] (/usr/lib/node_modules/yarn/lib/cli.js:67029:18)
      at Request.self.callback (/usr/lib/node_modules/yarn/lib/cli.js:140883:22)
      at Request.emit (node:events:390:28)
      at Request.<anonymous> (/usr/lib/node_modules/yarn/lib/cli.js:141855:10)
      at Request.emit (node:events:390:28)
      at IncomingMessage.<anonymous> (/usr/lib/node_modules/yarn/lib/cli.js:141777:12)
      at Object.onceWrapper (node:events:509:28)
      at IncomingMessage.emit (node:events:402:35)
      at endReadableNT (node:internal/streams/readable:1343:12)
      at processTicksAndRejections (node:internal/process/task_queues:83:21)

npm manifest: 
  {
    "name": "@connectors/kafka",
    "version": "1.0.0",
    "description": "Simple Kafka connector",
    "author": "ajuvercr <arthur.vercruysse@ugent.be>",
    "homepage": "https://github.com/TREEcg/connectors#readme",
    "lsd:module": true,
    "license": "ISC",
    "main": "index.js",
    "types": "index",
    "directories": {
      "lib": "lib",
      "test": "tests"
    },
    "files": [
      "lib/**/*.d.ts",
      "lib/**/*.js",
      "index.d.ts",
      "index.js"
    ],
    "repository": {
      "type": "git",
      "url": "git+https://github.com/TREEcg/connectors.git"
    },
    "scripts": {
      "test": "jest",
      "build": "npm run build:ts && npm run build:components",
      "build:ts": "node \"../../node_modules/typescript/bin/tsc\"",
      "build:components": "componentsjs-generator"
    },
    "bugs": {
      "url": "https://github.com/TREEcg/connectors/issues"
    },
    "dependencies": {
      "@connectors/types": "^1.0.0",
      "kafkajs": "^1.16.0"
    }
  }

yarn manifest: 
  No manifest

Lockfile: 
  No lockfile
